android/app/build/intermediates/manifest_merge_blame_file/release/manifest-merger-blame-release-report.txt
1<?xml version="1.0" encoding="utf-8"?>
2<manifest xmlns:android="http://schemas.android.com/apk/res/android"
3    package="io.ionic.starter"
4    android:versionCode="1"
5    android:versionName="1.0" >
6
7    <uses-sdk
8        android:minSdkVersion="22"
8-->src\main\AndroidManifest.xml
9        android:targetSdkVersion="32" />
9-->src\main\AndroidManifest.xml
10
11    <!-- Permissions -->
12
13    <uses-permission android:name="android.permission.INTERNET" />
13-->src\main\AndroidManifest.xml:41:5-67
13-->src\main\AndroidManifest.xml:41:22-64
14    <uses-permission android:name="android.permission.VIBRATE" />
14-->[:capacitor-haptics] AndroidManifest.xml:9:5-66
14-->[:capacitor-haptics] AndroidManifest.xml:9:22-63
15
16    <application
16-->src\main\AndroidManifest.xml:5:5-37:19
17        android:allowBackup="true"
17-->src\main\AndroidManifest.xml:6:9-35
18        android:appComponentFactory="androidx.core.app.CoreComponentFactory"
18-->[androidx.core:core:1.8.0] AndroidManifest.xml:24:18-86
19        android:icon="@mipmap/ic_launcher"
19-->src\main\AndroidManifest.xml:7:9-43
20        android:label="@string/app_name"
20-->src\main\AndroidManifest.xml:8:9-41
21        android:roundIcon="@mipmap/ic_launcher_round"
21-->src\main\AndroidManifest.xml:9:9-54
22        android:supportsRtl="true"
22-->src\main\AndroidManifest.xml:10:9-35
23        android:theme="@style/AppTheme" >
23-->src\main\AndroidManifest.xml:11:9-40
24        <activity
24-->src\main\AndroidManifest.xml:13:9-26:20
25            android:name="io.ionic.starter.MainActivity"
25-->src\main\AndroidManifest.xml:15:13-57
26            android:configChanges="orientation|keyboardHidden|keyboard|screenSize|locale|smallestScreenSize|screenLayout|uiMode"
26-->src\main\AndroidManifest.xml:14:13-129
27            android:exported="true"
27-->src\main\AndroidManifest.xml:19:13-36
28            android:label="@string/title_activity_main"
28-->src\main\AndroidManifest.xml:16:13-56
29            android:launchMode="singleTask"
29-->src\main\AndroidManifest.xml:18:13-44
30            android:theme="@style/AppTheme.NoActionBarLaunch" >
30-->src\main\AndroidManifest.xml:17:13-62
31            <intent-filter>
31-->src\main\AndroidManifest.xml:21:13-24:29
32                <action android:name="android.intent.action.MAIN" />
32-->src\main\AndroidManifest.xml:22:17-69
32-->src\main\AndroidManifest.xml:22:25-66
33
34                <category android:name="android.intent.category.LAUNCHER" />
34-->src\main\AndroidManifest.xml:23:17-77
34-->src\main\AndroidManifest.xml:23:27-74
35            </intent-filter>
36        </activity>
37
38        <provider
39            android:name="androidx.core.content.FileProvider"
39-->src\main\AndroidManifest.xml:29:13-62
40            android:authorities="io.ionic.starter.fileprovider"
40-->src\main\AndroidManifest.xml:30:13-64
41            android:exported="false"
41-->src\main\AndroidManifest.xml:31:13-37
42            android:grantUriPermissions="true" >
42-->src\main\AndroidManifest.xml:32:13-47
43            <meta-data
43-->src\main\AndroidManifest.xml:33:13-35:64
44                android:name="android.support.FILE_PROVIDER_PATHS"
44-->src\main\AndroidManifest.xml:34:17-67
45                android:resource="@xml/file_paths" />
45-->src\main\AndroidManifest.xml:35:17-51
46        </provider>
47        <provider
47-->[androidx.emoji2:emoji2:1.0.0] AndroidManifest.xml:26:9-34:20
48            android:name="androidx.startup.InitializationProvider"
48-->[androidx.emoji2:emoji2:1.0.0] AndroidManifest.xml:27:13-67
49            android:authorities="io.ionic.starter.androidx-startup"
49-->[androidx.emoji2:emoji2:1.0.0] AndroidManifest.xml:28:13-68
50            android:exported="false" >
50-->[androidx.emoji2:emoji2:1.0.0] AndroidManifest.xml:29:13-37
51            <meta-data
51-->[androidx.emoji2:emoji2:1.0.0] AndroidManifest.xml:31:13-33:52
52                android:name="androidx.emoji2.text.EmojiCompatInitializer"
52-->[androidx.emoji2:emoji2:1.0.0] AndroidManifest.xml:32:17-75
53                android:value="androidx.startup" />
53-->[androidx.emoji2:emoji2:1.0.0] AndroidManifest.xml:33:17-49
54            <meta-data
54-->[androidx.lifecycle:lifecycle-process:2.4.0] AndroidManifest.xml:31:13-33:52
55                android:name="androidx.lifecycle.ProcessLifecycleInitializer"
55-->[androidx.lifecycle:lifecycle-process:2.4.0] AndroidManifest.xml:32:17-78
56                android:value="androidx.startup" />
56-->[androidx.lifecycle:lifecycle-process:2.4.0] AndroidManifest.xml:33:17-49
57        </provider>
58    </application>
59
60</manifest>